Build started 8/1/2016 7:59:08 PM.
Project "Z:\Tempo Real\Template_BCC 722\EvalBoards\Microsoft\Windows\Visual Studio 2010\Win32GUIApp\GuiApp\GuiApp.vcxproj" on node 2 (Build target(s)).
ClCompile:
  C:\Program Files\Microsoft Visual Studio 11.0\VC\bin\CL.exe /c /I"Z:\Tempo Real\Template_BCC 722\EvalBoards\Microsoft\Windows\Visual Studio 2010\Win32GUIApp\GuiApp\..\..\..\..\..\..\uCOS-III\Ports\Win32\Visual Studio" /I"Z:\Tempo Real\Template_BCC 722\EvalBoards\Microsoft\Windows\Visual Studio 2010\Win32GUIApp\GuiApp\..\..\..\..\..\..\uCOS-III\Source" /I"Z:\Tempo Real\Template_BCC 722\EvalBoards\Microsoft\Windows\Visual Studio 2010\Win32GUIApp\GuiApp\..\..\..\..\..\..\uC-Clk\OS\uCOS-III" /I"Z:\Tempo Real\Template_BCC 722\EvalBoards\Microsoft\Windows\Visual Studio 2010\Win32GUIApp\GuiApp\..\..\..\..\..\..\uC-Clk\Source" /I"Z:\Tempo Real\Template_BCC 722\EvalBoards\Microsoft\Windows\Visual Studio 2010\Win32GUIApp\GuiApp\..\..\..\..\..\..\uC-LIB" /I"Z:\Tempo Real\Template_BCC 722\EvalBoards\Microsoft\Windows\Visual Studio 2010\Win32GUIApp\GuiApp\..\..\..\..\..\..\uC-CPU\Win32\Visual Studio" /I"Z:\Tempo Real\Template_BCC 722\EvalBoards\Microsoft\Windows\Visual Studio 2010\Win32GUIApp\GuiApp\..\..\..\..\..\..\uC-CPU" /I"Z:\Tempo Real\Template_BCC 722\EvalBoards\Microsoft\Windows\Visual Studio 2010\Win32GUIApp\GuiApp\..\..\..\..\..\..\uC-FS\Dev\RAMDisk" /I"Z:\Tempo Real\Template_BCC 722\EvalBoards\Microsoft\Windows\Visual Studio 2010\Win32GUIApp\GuiApp\..\..\..\..\..\..\uC-FS\OS\uCOS-III" /I"Z:\Tempo Real\Template_BCC 722\EvalBoards\Microsoft\Windows\Visual Studio 2010\Win32GUIApp\GuiApp\..\..\..\..\..\..\uC-FS\FAT" /I"Z:\Tempo Real\Template_BCC 722\EvalBoards\Microsoft\Windows\Visual Studio 2010\Win32GUIApp\GuiApp\..\..\..\..\..\..\uC-FS\Source" /I"Z:\Tempo Real\Template_BCC 722\EvalBoards\Microsoft\Windows\Visual Studio 2010\Win32GUIApp\GuiApp\..\Application" /I"Z:\Tempo Real\Template_BCC 722\EvalBoards\Microsoft\Windows\Visual Studio 2010\Win32GUIApp\GuiApp\..\\" /ZI /nologo /W3 /WX- /Od /Oy- /D WIN32 /D _DEBUG /D _CONSOLE /Gm /EHsc /RTC1 /MDd /GS /fp:precise /Zc:wchar_t /Zc:forScope /Fo"Debug\\" /Fd"Debug\vc110.pdb" /Gd /TC /analyze- /errorReport:prompt ..\Application\app.c
  app.c
z:\tempo real\template_bcc 722\evalboards\microsoft\windows\visual studio 2010\win32guiapp\application\app.c(323): warning C4244: 'function' : conversion from 'time_t' to 'unsigned int', possible loss of data
z:\tempo real\template_bcc 722\evalboards\microsoft\windows\visual studio 2010\win32guiapp\application\app.c(303): warning C4101: 'posicao_aux' : unreferenced local variable
z:\tempo real\template_bcc 722\evalboards\microsoft\windows\visual studio 2010\win32guiapp\application\app.c(543): warning C4244: 'function' : conversion from 'double' to 'int', possible loss of data
z:\tempo real\template_bcc 722\evalboards\microsoft\windows\visual studio 2010\win32guiapp\application\app.c(549): warning C4244: 'function' : conversion from 'double' to 'int', possible loss of data
z:\tempo real\template_bcc 722\evalboards\microsoft\windows\visual studio 2010\win32guiapp\application\app.c(552): warning C4244: 'function' : conversion from 'double' to 'int', possible loss of data
z:\tempo real\template_bcc 722\evalboards\microsoft\windows\visual studio 2010\win32guiapp\application\app.c(555): warning C4244: 'function' : conversion from 'double' to 'int', possible loss of data
z:\tempo real\template_bcc 722\evalboards\microsoft\windows\visual studio 2010\win32guiapp\application\app.c(558): warning C4244: 'function' : conversion from 'double' to 'int', possible loss of data
z:\tempo real\template_bcc 722\evalboards\microsoft\windows\visual studio 2010\win32guiapp\application\app.c(562): warning C4244: 'function' : conversion from 'double' to 'int', possible loss of data
z:\tempo real\template_bcc 722\evalboards\microsoft\windows\visual studio 2010\win32guiapp\application\app.c(565): warning C4244: 'function' : conversion from 'double' to 'int', possible loss of data
z:\tempo real\template_bcc 722\evalboards\microsoft\windows\visual studio 2010\win32guiapp\application\app.c(568): warning C4244: 'function' : conversion from 'double' to 'int', possible loss of data
z:\tempo real\template_bcc 722\evalboards\microsoft\windows\visual studio 2010\win32guiapp\application\app.c(572): warning C4244: 'function' : conversion from 'double' to 'int', possible loss of data
z:\tempo real\template_bcc 722\evalboards\microsoft\windows\visual studio 2010\win32guiapp\application\app.c(574): warning C4244: 'function' : conversion from 'double' to 'int', possible loss of data
z:\tempo real\template_bcc 722\evalboards\microsoft\windows\visual studio 2010\win32guiapp\application\app.c(577): warning C4244: 'function' : conversion from 'double' to 'int', possible loss of data
z:\tempo real\template_bcc 722\evalboards\microsoft\windows\visual studio 2010\win32guiapp\application\app.c(581): warning C4244: 'function' : conversion from 'double' to 'int', possible loss of data
z:\tempo real\template_bcc 722\evalboards\microsoft\windows\visual studio 2010\win32guiapp\application\app.c(585): warning C4244: 'function' : conversion from 'double' to 'int', possible loss of data
z:\tempo real\template_bcc 722\evalboards\microsoft\windows\visual studio 2010\win32guiapp\application\app.c(589): warning C4244: 'function' : conversion from 'double' to 'int', possible loss of data
z:\tempo real\template_bcc 722\evalboards\microsoft\windows\visual studio 2010\win32guiapp\application\app.c(679): warning C4244: 'function' : conversion from 'time_t' to 'unsigned int', possible loss of data
z:\tempo real\template_bcc 722\evalboards\microsoft\windows\visual studio 2010\win32guiapp\application\app.c(700): warning C4244: '=' : conversion from 'double' to 'float', possible loss of data
z:\tempo real\template_bcc 722\evalboards\microsoft\windows\visual studio 2010\win32guiapp\application\app.c(733): warning C4715: 'melhor_caminho' : not all control paths return a value
Link:
  C:\Program Files\Microsoft Visual Studio 11.0\VC\bin\link.exe /ERRORREPORT:PROMPT /OUT:"Z:\Tempo Real\Template_BCC 722\EvalBoards\Microsoft\Windows\Visual Studio 2010\Win32GUIApp\GuiApp\Debug\GuiApp.exe" /INCREMENTAL /NOLOGO kernel32.lib user32.lib gdi32.lib winspool.lib comdlg32.lib advapi32.lib shell32.lib ole32.lib oleaut32.lib uuid.lib odbc32.lib odbccp32.lib /MANIFEST /MANIFESTUAC:"level='asInvoker' uiAccess='false'" /manifest:embed /DEBUG /PDB:"Z:\Tempo Real\Template_BCC 722\EvalBoards\Microsoft\Windows\Visual Studio 2010\Win32GUIApp\GuiApp\Debug\GuiApp.pdb" /SUBSYSTEM:CONSOLE /TLBID:1 /DYNAMICBASE /NXCOMPAT /IMPLIB:"Z:\Tempo Real\Template_BCC 722\EvalBoards\Microsoft\Windows\Visual Studio 2010\Win32GUIApp\GuiApp\Debug\GuiApp.lib" /MACHINE:X86 Debug\app.obj
  Debug\fs_app.obj
  Debug\gui.obj
  "..\uC-FS_LIB\uC-FS-V4.lib"
  GuiApp.vcxproj -> Z:\Tempo Real\Template_BCC 722\EvalBoards\Microsoft\Windows\Visual Studio 2010\Win32GUIApp\GuiApp\Debug\GuiApp.exe
Done Building Project "Z:\Tempo Real\Template_BCC 722\EvalBoards\Microsoft\Windows\Visual Studio 2010\Win32GUIApp\GuiApp\GuiApp.vcxproj" (Build target(s)).

Build succeeded.

Time Elapsed 00:00:04.63
