C:\USERS\ARTHUR\DROPBOX\ARQUIVOS BCC722\TP_BOMBERMAN\TEMPLATE_BCC 722\EVALBOARDS\MICROSOFT\WINDOWS\VISUAL STUDIO 2010\WIN32GUIAPP\GUIAPP\DEBUG\APP.OBJ
C:\USERS\ARTHUR\DROPBOX\ARQUIVOS BCC722\TP_BOMBERMAN\TEMPLATE_BCC 722\EVALBOARDS\MICROSOFT\WINDOWS\VISUAL STUDIO 2010\WIN32GUIAPP\GUIAPP\DEBUG\FS_APP.OBJ
C:\USERS\ARTHUR\DROPBOX\ARQUIVOS BCC722\TP_BOMBERMAN\TEMPLATE_BCC 722\EVALBOARDS\MICROSOFT\WINDOWS\VISUAL STUDIO 2010\WIN32GUIAPP\GUIAPP\DEBUG\GUI.OBJ
C:\USERS\ARTHUR\DROPBOX\ARQUIVOS BCC722\TP_BOMBERMAN\TEMPLATE_BCC 722\EVALBOARDS\MICROSOFT\WINDOWS\VISUAL STUDIO 2010\WIN32GUIAPP\GUIAPP\DEBUG\VC110.PDB
C:\USERS\ARTHUR\DROPBOX\ARQUIVOS BCC722\TP_BOMBERMAN\TEMPLATE_BCC 722\EVALBOARDS\MICROSOFT\WINDOWS\VISUAL STUDIO 2010\WIN32GUIAPP\GUIAPP\DEBUG\GUIAPP.ILK
C:\USERS\ARTHUR\DROPBOX\ARQUIVOS BCC722\TP_BOMBERMAN\TEMPLATE_BCC 722\EVALBOARDS\MICROSOFT\WINDOWS\VISUAL STUDIO 2010\WIN32GUIAPP\GUIAPP\DEBUG\GUIAPP.EXE
C:\USERS\ARTHUR\DROPBOX\ARQUIVOS BCC722\TP_BOMBERMAN\TEMPLATE_BCC 722\EVALBOARDS\MICROSOFT\WINDOWS\VISUAL STUDIO 2010\WIN32GUIAPP\GUIAPP\DEBUG\GUIAPP.PDB
C:\Users\Arthur\Dropbox\Arquivos BCC722\TP_Bomberman\Template_BCC 722\EvalBoards\Microsoft\Windows\Visual Studio 2010\Win32GUIApp\GuiApp\Debug\app.obj
C:\Users\Arthur\Dropbox\Arquivos BCC722\TP_Bomberman\Template_BCC 722\EvalBoards\Microsoft\Windows\Visual Studio 2010\Win32GUIApp\GuiApp\Debug\fs_app.obj
C:\Users\Arthur\Dropbox\Arquivos BCC722\TP_Bomberman\Template_BCC 722\EvalBoards\Microsoft\Windows\Visual Studio 2010\Win32GUIApp\GuiApp\Debug\gui.obj
C:\Users\Arthur\Dropbox\Arquivos BCC722\TP_Bomberman\Template_BCC 722\EvalBoards\Microsoft\Windows\Visual Studio 2010\Win32GUIApp\GuiApp\Debug\GuiApp.ilk
C:\Users\Arthur\Dropbox\Arquivos BCC722\TP_Bomberman\Template_BCC 722\EvalBoards\Microsoft\Windows\Visual Studio 2010\Win32GUIApp\GuiApp\Debug\cl.command.1.tlog
C:\Users\Arthur\Dropbox\Arquivos BCC722\TP_Bomberman\Template_BCC 722\EvalBoards\Microsoft\Windows\Visual Studio 2010\Win32GUIApp\GuiApp\Debug\CL.read.1.tlog
C:\Users\Arthur\Dropbox\Arquivos BCC722\TP_Bomberman\Template_BCC 722\EvalBoards\Microsoft\Windows\Visual Studio 2010\Win32GUIApp\GuiApp\Debug\CL.write.1.tlog
C:\Users\Arthur\Dropbox\Arquivos BCC722\TP_Bomberman\Template_BCC 722\EvalBoards\Microsoft\Windows\Visual Studio 2010\Win32GUIApp\GuiApp\Debug\link-cvtres.read.1.tlog
C:\Users\Arthur\Dropbox\Arquivos BCC722\TP_Bomberman\Template_BCC 722\EvalBoards\Microsoft\Windows\Visual Studio 2010\Win32GUIApp\GuiApp\Debug\link-cvtres.write.1.tlog
C:\Users\Arthur\Dropbox\Arquivos BCC722\TP_Bomberman\Template_BCC 722\EvalBoards\Microsoft\Windows\Visual Studio 2010\Win32GUIApp\GuiApp\Debug\link-rc.read.1.tlog
C:\Users\Arthur\Dropbox\Arquivos BCC722\TP_Bomberman\Template_BCC 722\EvalBoards\Microsoft\Windows\Visual Studio 2010\Win32GUIApp\GuiApp\Debug\link-rc.write.1.tlog
C:\Users\Arthur\Dropbox\Arquivos BCC722\TP_Bomberman\Template_BCC 722\EvalBoards\Microsoft\Windows\Visual Studio 2010\Win32GUIApp\GuiApp\Debug\link.command.1.tlog
C:\Users\Arthur\Dropbox\Arquivos BCC722\TP_Bomberman\Template_BCC 722\EvalBoards\Microsoft\Windows\Visual Studio 2010\Win32GUIApp\GuiApp\Debug\link.read.1.tlog
C:\Users\Arthur\Dropbox\Arquivos BCC722\TP_Bomberman\Template_BCC 722\EvalBoards\Microsoft\Windows\Visual Studio 2010\Win32GUIApp\GuiApp\Debug\link.read.2.tlog
C:\Users\Arthur\Dropbox\Arquivos BCC722\TP_Bomberman\Template_BCC 722\EvalBoards\Microsoft\Windows\Visual Studio 2010\Win32GUIApp\GuiApp\Debug\link.write.1.tlog
C:\Users\Arthur\Dropbox\Arquivos BCC722\TP_Bomberman\Template_BCC 722\EvalBoards\Microsoft\Windows\Visual Studio 2010\Win32GUIApp\GuiApp\Debug\vc110.idb
C:\Users\Arthur\Dropbox\Arquivos BCC722\TP_Bomberman\Template_BCC 722\EvalBoards\Microsoft\Windows\Visual Studio 2010\Win32GUIApp\GuiApp\Debug\GuiApp.pdb
C:\Users\Arthur\Dropbox\Arquivos BCC722\TP_Bomberman\Template_BCC 722\EvalBoards\Microsoft\Windows\Visual Studio 2010\Win32GUIApp\GuiApp\Debug\vc110.pdb
C:\Users\Arthur\Dropbox\Arquivos BCC722\TP_Bomberman\Template_BCC 722\EvalBoards\Microsoft\Windows\Visual Studio 2010\Win32GUIApp\GuiApp\Debug\GuiApp.exe
